<?xml version="1.0" encoding="UTF-8"?>
<!-- Generated by org.testng.reporters.JUnitReportReporter -->
<testsuite hostname="DESKTOP-JARCRLL" failures="0" tests="1" name="skenario.PulsaBuy" time="14.276" errors="0" timestamp="2021-04-23T14:22:39 ICT" skipped="0">
  <testcase classname="skenario.PulsaBuy" name="pulsaIndosat" time="14.276"/>
  <system-out/>
</testsuite> <!-- skenario.PulsaBuy -->
