<?xml version="1.0" encoding="UTF-8"?>
<!-- Generated by org.testng.reporters.JUnitReportReporter -->
<testsuite skipped="0" hostname="DESKTOP-JARCRLL" name="skenario.PulsaBuy" tests="1" failures="0" timestamp="2021-04-26T15:51:03 ICT" time="29.310" errors="0">
  <testcase name="pulsaIndosat" time="29.310" classname="skenario.PulsaBuy"/>
  <system-out/>
</testsuite> <!-- skenario.PulsaBuy -->
